2021-04-29 16:29:32 INFO  Validator:43 - Status: OK Message: null Field: dateOfBirth
2021-04-29 16:29:32 INFO  Validator:39 - Status: OK Message: null Field: firstName
2021-04-29 16:29:32 INFO  Validator:33 - Status: OK Message: null Field: gender
2021-04-29 16:29:32 INFO  Validator:39 - Status: OK Message: null Field: idClient
2021-04-29 16:29:32 INFO  Validator:40 - Status: OK Message: null Field: passportNumber
2021-04-29 16:29:32 INFO  Validator:39 - Status: OK Message: null Field: passportSeries
2021-04-29 16:29:32 INFO  Validator:39 - Status: OK Message: null Field: patronymic
2021-04-29 16:29:32 INFO  Validator:39 - Status: OK Message: null Field: surname
2021-04-29 16:29:32 INFO  Validator:46 - Status: OK Message: null Field: endDate
2021-04-29 16:29:32 INFO  Validator:39 - Status: OK Message: null Field: idContract
2021-04-29 16:29:32 INFO  Validator:39 - Status: OK Message: null Field: numberContract
2021-04-29 16:29:32 INFO  Validator:34 - Status: OK Message: null Field: packageChannel
2021-04-29 16:29:32 INFO  Validator:43 - Status: OK Message: null Field: startDate
2021-04-29 16:29:32 INFO  Validator:43 - Status: OK Message: null Field: dateOfBirth
2021-04-29 16:29:32 INFO  Validator:39 - Status: OK Message: null Field: firstName
2021-04-29 16:29:32 INFO  Validator:33 - Status: OK Message: null Field: gender
2021-04-29 16:29:32 INFO  Validator:39 - Status: OK Message: null Field: idClient
2021-04-29 16:29:32 INFO  Validator:40 - Status: OK Message: null Field: passportNumber
2021-04-29 16:29:32 INFO  Validator:39 - Status: OK Message: null Field: passportSeries
2021-04-29 16:29:32 INFO  Validator:39 - Status: OK Message: null Field: patronymic
2021-04-29 16:29:32 INFO  Validator:39 - Status: OK Message: null Field: surname
2021-04-29 16:29:32 INFO  Validator:46 - Status: OK Message: null Field: endDate
2021-04-29 16:29:32 INFO  Validator:39 - Status: OK Message: null Field: idContract
2021-04-29 16:29:32 INFO  Validator:39 - Status: OK Message: null Field: maximumSpeed
2021-04-29 16:29:32 INFO  Validator:39 - Status: OK Message: null Field: numberContract
2021-04-29 16:29:32 INFO  Validator:43 - Status: OK Message: null Field: startDate
2021-04-29 16:29:32 INFO  Validator:43 - Status: OK Message: null Field: dateOfBirth
2021-04-29 16:29:32 INFO  Validator:39 - Status: OK Message: null Field: firstName
2021-04-29 16:29:32 INFO  Validator:33 - Status: OK Message: null Field: gender
2021-04-29 16:29:32 INFO  Validator:39 - Status: OK Message: null Field: idClient
2021-04-29 16:29:32 INFO  Validator:40 - Status: OK Message: null Field: passportNumber
2021-04-29 16:29:32 INFO  Validator:39 - Status: OK Message: null Field: passportSeries
2021-04-29 16:29:32 INFO  Validator:39 - Status: OK Message: null Field: patronymic
2021-04-29 16:29:32 INFO  Validator:39 - Status: OK Message: null Field: surname
2021-04-29 16:29:32 INFO  Validator:46 - Status: OK Message: null Field: endDate
2021-04-29 16:29:32 INFO  Validator:38 - Status: OK Message: null Field: gbInternet
2021-04-29 16:29:32 INFO  Validator:39 - Status: OK Message: null Field: idContract
2021-04-29 16:29:32 INFO  Validator:38 - Status: OK Message: null Field: minute
2021-04-29 16:29:32 INFO  Validator:39 - Status: OK Message: null Field: numberContract
2021-04-29 16:29:32 INFO  Validator:37 - Status: OK Message: null Field: sms
2021-04-29 16:29:32 INFO  Validator:43 - Status: OK Message: null Field: startDate
2021-04-29 16:29:32 INFO  Validator:43 - Status: OK Message: null Field: dateOfBirth
2021-04-29 16:29:32 INFO  Validator:39 - Status: OK Message: null Field: firstName
2021-04-29 16:29:32 INFO  Validator:33 - Status: OK Message: null Field: gender
2021-04-29 16:29:32 INFO  Validator:39 - Status: OK Message: null Field: idClient
2021-04-29 16:29:32 INFO  Validator:40 - Status: OK Message: null Field: passportNumber
2021-04-29 16:29:32 INFO  Validator:39 - Status: OK Message: null Field: passportSeries
2021-04-29 16:29:32 INFO  Validator:39 - Status: OK Message: null Field: patronymic
2021-04-29 16:29:32 INFO  Validator:39 - Status: OK Message: null Field: surname
2021-04-29 16:29:32 WARN  Validator:41 - Status: YELLOW_RISK Message: The end date is equal to the start date Field: endDate
2021-04-29 16:29:32 INFO  Validator:39 - Status: OK Message: null Field: idContract
2021-04-29 16:29:32 INFO  Validator:39 - Status: OK Message: null Field: numberContract
2021-04-29 16:29:32 INFO  Validator:34 - Status: OK Message: null Field: packageChannel
2021-04-29 16:29:32 INFO  Validator:43 - Status: OK Message: null Field: startDate
2021-04-29 16:29:32 INFO  Validator:43 - Status: OK Message: null Field: dateOfBirth
2021-04-29 16:29:32 INFO  Validator:39 - Status: OK Message: null Field: firstName
2021-04-29 16:29:32 INFO  Validator:33 - Status: OK Message: null Field: gender
2021-04-29 16:29:32 INFO  Validator:39 - Status: OK Message: null Field: idClient
2021-04-29 16:29:32 INFO  Validator:40 - Status: OK Message: null Field: passportNumber
2021-04-29 16:29:32 INFO  Validator:39 - Status: OK Message: null Field: passportSeries
2021-04-29 16:29:32 INFO  Validator:39 - Status: OK Message: null Field: patronymic
2021-04-29 16:29:32 INFO  Validator:39 - Status: OK Message: null Field: surname
2021-04-29 16:29:32 WARN  Validator:41 - Status: YELLOW_RISK Message: The end date is equal to the start date Field: endDate
2021-04-29 16:29:32 INFO  Validator:39 - Status: OK Message: null Field: idContract
2021-04-29 16:29:32 INFO  Validator:39 - Status: OK Message: null Field: maximumSpeed
2021-04-29 16:29:32 INFO  Validator:39 - Status: OK Message: null Field: numberContract
2021-04-29 16:29:32 INFO  Validator:43 - Status: OK Message: null Field: startDate
2021-04-29 16:29:32 INFO  Validator:43 - Status: OK Message: null Field: dateOfBirth
2021-04-29 16:29:32 INFO  Validator:39 - Status: OK Message: null Field: firstName
2021-04-29 16:29:32 INFO  Validator:33 - Status: OK Message: null Field: gender
2021-04-29 16:29:32 INFO  Validator:39 - Status: OK Message: null Field: idClient
2021-04-29 16:29:32 INFO  Validator:40 - Status: OK Message: null Field: passportNumber
2021-04-29 16:29:32 INFO  Validator:39 - Status: OK Message: null Field: passportSeries
2021-04-29 16:29:32 INFO  Validator:39 - Status: OK Message: null Field: patronymic
2021-04-29 16:29:32 INFO  Validator:39 - Status: OK Message: null Field: surname
2021-04-29 16:29:32 WARN  Validator:41 - Status: YELLOW_RISK Message: The end date is equal to the start date Field: endDate
2021-04-29 16:29:32 INFO  Validator:38 - Status: OK Message: null Field: gbInternet
2021-04-29 16:29:32 INFO  Validator:39 - Status: OK Message: null Field: idContract
2021-04-29 16:29:32 INFO  Validator:38 - Status: OK Message: null Field: minute
2021-04-29 16:29:32 INFO  Validator:39 - Status: OK Message: null Field: numberContract
2021-04-29 16:29:32 INFO  Validator:37 - Status: OK Message: null Field: sms
2021-04-29 16:29:32 INFO  Validator:43 - Status: OK Message: null Field: startDate
2021-04-29 16:29:32 INFO  Validator:43 - Status: OK Message: null Field: dateOfBirth
2021-04-29 16:29:32 INFO  Validator:39 - Status: OK Message: null Field: firstName
2021-04-29 16:29:32 ERROR Validator:28 - Status: ERROR Message: Gender is not specified or specified incorrectly Field: gender
2021-04-29 16:29:32 INFO  Validator:43 - Status: OK Message: null Field: dateOfBirth
2021-04-29 16:29:32 INFO  Validator:39 - Status: OK Message: null Field: firstName
2021-04-29 16:29:32 INFO  Validator:33 - Status: OK Message: null Field: gender
2021-04-29 16:29:32 INFO  Validator:39 - Status: OK Message: null Field: idClient
2021-04-29 16:29:32 INFO  Validator:40 - Status: OK Message: null Field: passportNumber
2021-04-29 16:29:32 INFO  Validator:39 - Status: OK Message: null Field: passportSeries
2021-04-29 16:29:32 INFO  Validator:39 - Status: OK Message: null Field: patronymic
2021-04-29 16:29:32 INFO  Validator:39 - Status: OK Message: null Field: surname
2021-04-29 16:29:32 INFO  Validator:46 - Status: OK Message: null Field: endDate
2021-04-29 16:29:32 INFO  Validator:39 - Status: OK Message: null Field: idContract
2021-04-29 16:29:32 INFO  Validator:39 - Status: OK Message: null Field: numberContract
2021-04-29 16:29:32 INFO  Validator:34 - Status: OK Message: null Field: packageChannel
2021-04-29 16:29:32 INFO  Validator:43 - Status: OK Message: null Field: startDate
2021-04-29 16:29:32 INFO  Validator:43 - Status: OK Message: null Field: dateOfBirth
2021-04-29 16:29:32 INFO  Validator:39 - Status: OK Message: null Field: firstName
2021-04-29 16:29:32 INFO  Validator:33 - Status: OK Message: null Field: gender
2021-04-29 16:29:32 INFO  Validator:39 - Status: OK Message: null Field: idClient
2021-04-29 16:29:32 INFO  Validator:40 - Status: OK Message: null Field: passportNumber
2021-04-29 16:29:32 INFO  Validator:39 - Status: OK Message: null Field: passportSeries
2021-04-29 16:29:32 INFO  Validator:39 - Status: OK Message: null Field: patronymic
2021-04-29 16:29:32 INFO  Validator:39 - Status: OK Message: null Field: surname
2021-04-29 16:29:32 INFO  Validator:46 - Status: OK Message: null Field: endDate
2021-04-29 16:29:32 INFO  Validator:39 - Status: OK Message: null Field: idContract
2021-04-29 16:29:32 INFO  Validator:39 - Status: OK Message: null Field: numberContract
2021-04-29 16:29:32 INFO  Validator:34 - Status: OK Message: null Field: packageChannel
2021-04-29 16:29:32 INFO  Validator:43 - Status: OK Message: null Field: startDate
2021-04-29 16:29:32 INFO  Validator:43 - Status: OK Message: null Field: dateOfBirth
2021-04-29 16:29:32 INFO  Validator:39 - Status: OK Message: null Field: firstName
2021-04-29 16:29:32 INFO  Validator:33 - Status: OK Message: null Field: gender
2021-04-29 16:29:32 INFO  Validator:39 - Status: OK Message: null Field: idClient
2021-04-29 16:29:32 INFO  Validator:40 - Status: OK Message: null Field: passportNumber
2021-04-29 16:29:32 INFO  Validator:39 - Status: OK Message: null Field: passportSeries
2021-04-29 16:29:32 INFO  Validator:39 - Status: OK Message: null Field: patronymic
2021-04-29 16:29:32 INFO  Validator:39 - Status: OK Message: null Field: surname
2021-04-29 16:29:32 INFO  Validator:46 - Status: OK Message: null Field: endDate
2021-04-29 16:29:32 INFO  Validator:39 - Status: OK Message: null Field: idContract
2021-04-29 16:29:32 INFO  Validator:39 - Status: OK Message: null Field: numberContract
2021-04-29 16:29:32 INFO  Validator:34 - Status: OK Message: null Field: packageChannel
2021-04-29 16:29:32 INFO  Validator:43 - Status: OK Message: null Field: startDate
2021-04-29 16:29:32 INFO  Validator:43 - Status: OK Message: null Field: dateOfBirth
2021-04-29 16:29:32 INFO  Validator:39 - Status: OK Message: null Field: firstName
2021-04-29 16:29:32 INFO  Validator:33 - Status: OK Message: null Field: gender
2021-04-29 16:29:32 INFO  Validator:39 - Status: OK Message: null Field: idClient
2021-04-29 16:29:32 INFO  Validator:40 - Status: OK Message: null Field: passportNumber
2021-04-29 16:29:32 INFO  Validator:39 - Status: OK Message: null Field: passportSeries
2021-04-29 16:29:32 INFO  Validator:39 - Status: OK Message: null Field: patronymic
2021-04-29 16:29:32 INFO  Validator:39 - Status: OK Message: null Field: surname
2021-04-29 16:29:32 WARN  Validator:35 - Status: RED_RISK Message: The date cannot be later than the contract start date Field: endDate
2021-04-29 16:29:32 INFO  Validator:38 - Status: OK Message: null Field: gbInternet
2021-04-29 16:29:32 INFO  Validator:39 - Status: OK Message: null Field: idContract
2021-04-29 16:29:32 INFO  Validator:38 - Status: OK Message: null Field: minute
2021-04-29 16:29:32 INFO  Validator:39 - Status: OK Message: null Field: numberContract
2021-04-29 16:29:32 INFO  Validator:37 - Status: OK Message: null Field: sms
2021-04-29 16:29:32 ERROR Validator:30 - Status: ERROR Message: This field must contain only the date(DD.MM. YYYY) Field: startDate
2021-04-29 16:29:32 INFO  Validator:43 - Status: OK Message: null Field: dateOfBirth
2021-04-29 16:29:32 INFO  Validator:39 - Status: OK Message: null Field: firstName
2021-04-29 16:29:32 INFO  Validator:33 - Status: OK Message: null Field: gender
2021-04-29 16:29:32 INFO  Validator:39 - Status: OK Message: null Field: idClient
2021-04-29 16:29:32 ERROR Validator:28 - Status: ERROR Message: This field must only contain numbers Field: passportNumber
2021-04-29 16:29:32 INFO  JDBCRepo:63 - Getting XML dump in contacts repository was successfully
2021-04-29 16:29:32 INFO  Validator:43 - Status: OK Message: null Field: dateOfBirth
2021-04-29 16:29:32 INFO  Validator:39 - Status: OK Message: null Field: firstName
2021-04-29 16:29:32 INFO  Validator:33 - Status: OK Message: null Field: gender
2021-04-29 16:29:32 INFO  Validator:39 - Status: OK Message: null Field: idClient
2021-04-29 16:29:32 INFO  Validator:40 - Status: OK Message: null Field: passportNumber
2021-04-29 16:29:32 INFO  Validator:39 - Status: OK Message: null Field: passportSeries
2021-04-29 16:29:32 INFO  Validator:39 - Status: OK Message: null Field: patronymic
2021-04-29 16:29:32 INFO  Validator:39 - Status: OK Message: null Field: surname
2021-04-29 16:29:32 INFO  Validator:46 - Status: OK Message: null Field: endDate
2021-04-29 16:29:32 INFO  Validator:39 - Status: OK Message: null Field: idContract
2021-04-29 16:29:32 INFO  Validator:39 - Status: OK Message: null Field: numberContract
2021-04-29 16:29:32 INFO  Validator:34 - Status: OK Message: null Field: packageChannel
2021-04-29 16:29:32 INFO  Validator:43 - Status: OK Message: null Field: startDate
2021-04-29 16:29:32 INFO  Validator:43 - Status: OK Message: null Field: dateOfBirth
2021-04-29 16:29:32 INFO  Validator:39 - Status: OK Message: null Field: firstName
2021-04-29 16:29:32 INFO  Validator:33 - Status: OK Message: null Field: gender
2021-04-29 16:29:32 INFO  Validator:39 - Status: OK Message: null Field: idClient
2021-04-29 16:29:32 INFO  Validator:40 - Status: OK Message: null Field: passportNumber
2021-04-29 16:29:32 INFO  Validator:39 - Status: OK Message: null Field: passportSeries
2021-04-29 16:29:32 INFO  Validator:39 - Status: OK Message: null Field: patronymic
2021-04-29 16:29:32 INFO  Validator:39 - Status: OK Message: null Field: surname
2021-04-29 16:29:32 INFO  Validator:46 - Status: OK Message: null Field: endDate
2021-04-29 16:29:32 INFO  Validator:39 - Status: OK Message: null Field: idContract
2021-04-29 16:29:32 INFO  Validator:39 - Status: OK Message: null Field: maximumSpeed
2021-04-29 16:29:32 INFO  Validator:39 - Status: OK Message: null Field: numberContract
2021-04-29 16:29:32 INFO  Validator:43 - Status: OK Message: null Field: startDate
2021-04-29 16:29:32 INFO  Validator:43 - Status: OK Message: null Field: dateOfBirth
2021-04-29 16:29:32 INFO  Validator:39 - Status: OK Message: null Field: firstName
2021-04-29 16:29:32 INFO  Validator:33 - Status: OK Message: null Field: gender
2021-04-29 16:29:32 INFO  Validator:39 - Status: OK Message: null Field: idClient
2021-04-29 16:29:32 INFO  Validator:40 - Status: OK Message: null Field: passportNumber
2021-04-29 16:29:32 INFO  Validator:39 - Status: OK Message: null Field: passportSeries
2021-04-29 16:29:32 INFO  Validator:39 - Status: OK Message: null Field: patronymic
2021-04-29 16:29:32 INFO  Validator:39 - Status: OK Message: null Field: surname
2021-04-29 16:29:32 INFO  Validator:46 - Status: OK Message: null Field: endDate
2021-04-29 16:29:32 INFO  Validator:38 - Status: OK Message: null Field: gbInternet
2021-04-29 16:29:32 INFO  Validator:39 - Status: OK Message: null Field: idContract
2021-04-29 16:29:32 INFO  Validator:38 - Status: OK Message: null Field: minute
2021-04-29 16:29:32 INFO  Validator:39 - Status: OK Message: null Field: numberContract
2021-04-29 16:29:32 INFO  Validator:37 - Status: OK Message: null Field: sms
2021-04-29 16:29:32 INFO  Validator:43 - Status: OK Message: null Field: startDate
2021-04-29 16:29:32 INFO  Validator:43 - Status: OK Message: null Field: dateOfBirth
2021-04-29 16:29:32 INFO  Validator:39 - Status: OK Message: null Field: firstName
2021-04-29 16:29:32 INFO  Validator:33 - Status: OK Message: null Field: gender
2021-04-29 16:29:32 INFO  Validator:39 - Status: OK Message: null Field: idClient
2021-04-29 16:29:32 INFO  Validator:40 - Status: OK Message: null Field: passportNumber
2021-04-29 16:29:32 INFO  Validator:39 - Status: OK Message: null Field: passportSeries
2021-04-29 16:29:32 INFO  Validator:39 - Status: OK Message: null Field: patronymic
2021-04-29 16:29:32 INFO  Validator:39 - Status: OK Message: null Field: surname
2021-04-29 16:29:32 WARN  Validator:41 - Status: YELLOW_RISK Message: The end date is equal to the start date Field: endDate
2021-04-29 16:29:32 INFO  Validator:39 - Status: OK Message: null Field: idContract
2021-04-29 16:29:32 INFO  Validator:39 - Status: OK Message: null Field: numberContract
2021-04-29 16:29:32 INFO  Validator:34 - Status: OK Message: null Field: packageChannel
2021-04-29 16:29:32 INFO  Validator:43 - Status: OK Message: null Field: startDate
2021-04-29 16:29:32 INFO  Validator:43 - Status: OK Message: null Field: dateOfBirth
2021-04-29 16:29:32 INFO  Validator:39 - Status: OK Message: null Field: firstName
2021-04-29 16:29:32 INFO  Validator:33 - Status: OK Message: null Field: gender
2021-04-29 16:29:32 INFO  Validator:39 - Status: OK Message: null Field: idClient
2021-04-29 16:29:32 INFO  Validator:40 - Status: OK Message: null Field: passportNumber
2021-04-29 16:29:32 INFO  Validator:39 - Status: OK Message: null Field: passportSeries
2021-04-29 16:29:32 INFO  Validator:39 - Status: OK Message: null Field: patronymic
2021-04-29 16:29:32 INFO  Validator:39 - Status: OK Message: null Field: surname
2021-04-29 16:29:32 WARN  Validator:41 - Status: YELLOW_RISK Message: The end date is equal to the start date Field: endDate
2021-04-29 16:29:32 INFO  Validator:39 - Status: OK Message: null Field: idContract
2021-04-29 16:29:32 INFO  Validator:39 - Status: OK Message: null Field: maximumSpeed
2021-04-29 16:29:32 INFO  Validator:39 - Status: OK Message: null Field: numberContract
2021-04-29 16:29:32 INFO  Validator:43 - Status: OK Message: null Field: startDate
2021-04-29 16:29:32 INFO  Validator:43 - Status: OK Message: null Field: dateOfBirth
2021-04-29 16:29:32 INFO  Validator:39 - Status: OK Message: null Field: firstName
2021-04-29 16:29:32 INFO  Validator:33 - Status: OK Message: null Field: gender
2021-04-29 16:29:32 INFO  Validator:39 - Status: OK Message: null Field: idClient
2021-04-29 16:29:32 INFO  Validator:40 - Status: OK Message: null Field: passportNumber
2021-04-29 16:29:32 INFO  Validator:39 - Status: OK Message: null Field: passportSeries
2021-04-29 16:29:32 INFO  Validator:39 - Status: OK Message: null Field: patronymic
2021-04-29 16:29:32 INFO  Validator:39 - Status: OK Message: null Field: surname
2021-04-29 16:29:32 WARN  Validator:41 - Status: YELLOW_RISK Message: The end date is equal to the start date Field: endDate
2021-04-29 16:29:32 INFO  Validator:38 - Status: OK Message: null Field: gbInternet
2021-04-29 16:29:32 INFO  Validator:39 - Status: OK Message: null Field: idContract
2021-04-29 16:29:32 INFO  Validator:38 - Status: OK Message: null Field: minute
2021-04-29 16:29:32 INFO  Validator:39 - Status: OK Message: null Field: numberContract
2021-04-29 16:29:32 INFO  Validator:37 - Status: OK Message: null Field: sms
2021-04-29 16:29:32 INFO  Validator:43 - Status: OK Message: null Field: startDate
2021-04-29 16:29:32 INFO  Validator:43 - Status: OK Message: null Field: dateOfBirth
2021-04-29 16:29:32 INFO  Validator:39 - Status: OK Message: null Field: firstName
2021-04-29 16:29:32 ERROR Validator:28 - Status: ERROR Message: Gender is not specified or specified incorrectly Field: gender
2021-04-29 16:29:32 INFO  Validator:43 - Status: OK Message: null Field: dateOfBirth
2021-04-29 16:29:32 INFO  Validator:39 - Status: OK Message: null Field: firstName
2021-04-29 16:29:32 INFO  Validator:33 - Status: OK Message: null Field: gender
2021-04-29 16:29:32 INFO  Validator:39 - Status: OK Message: null Field: idClient
2021-04-29 16:29:32 INFO  Validator:40 - Status: OK Message: null Field: passportNumber
2021-04-29 16:29:32 INFO  Validator:39 - Status: OK Message: null Field: passportSeries
2021-04-29 16:29:32 INFO  Validator:39 - Status: OK Message: null Field: patronymic
2021-04-29 16:29:32 INFO  Validator:39 - Status: OK Message: null Field: surname
2021-04-29 16:29:32 INFO  Validator:46 - Status: OK Message: null Field: endDate
2021-04-29 16:29:32 INFO  Validator:39 - Status: OK Message: null Field: idContract
2021-04-29 16:29:32 INFO  Validator:39 - Status: OK Message: null Field: numberContract
2021-04-29 16:29:32 INFO  Validator:34 - Status: OK Message: null Field: packageChannel
2021-04-29 16:29:32 INFO  Validator:43 - Status: OK Message: null Field: startDate
2021-04-29 16:29:32 INFO  Validator:43 - Status: OK Message: null Field: dateOfBirth
2021-04-29 16:29:32 INFO  Validator:39 - Status: OK Message: null Field: firstName
2021-04-29 16:29:32 INFO  Validator:33 - Status: OK Message: null Field: gender
2021-04-29 16:29:32 INFO  Validator:39 - Status: OK Message: null Field: idClient
2021-04-29 16:29:32 INFO  Validator:40 - Status: OK Message: null Field: passportNumber
2021-04-29 16:29:32 INFO  Validator:39 - Status: OK Message: null Field: passportSeries
2021-04-29 16:29:32 INFO  Validator:39 - Status: OK Message: null Field: patronymic
2021-04-29 16:29:32 INFO  Validator:39 - Status: OK Message: null Field: surname
2021-04-29 16:29:32 INFO  Validator:46 - Status: OK Message: null Field: endDate
2021-04-29 16:29:32 INFO  Validator:39 - Status: OK Message: null Field: idContract
2021-04-29 16:29:32 INFO  Validator:39 - Status: OK Message: null Field: numberContract
2021-04-29 16:29:32 INFO  Validator:34 - Status: OK Message: null Field: packageChannel
2021-04-29 16:29:32 INFO  Validator:43 - Status: OK Message: null Field: startDate
2021-04-29 16:29:32 INFO  Validator:43 - Status: OK Message: null Field: dateOfBirth
2021-04-29 16:29:32 INFO  Validator:39 - Status: OK Message: null Field: firstName
2021-04-29 16:29:32 INFO  Validator:33 - Status: OK Message: null Field: gender
2021-04-29 16:29:32 INFO  Validator:39 - Status: OK Message: null Field: idClient
2021-04-29 16:29:32 INFO  Validator:40 - Status: OK Message: null Field: passportNumber
2021-04-29 16:29:32 INFO  Validator:39 - Status: OK Message: null Field: passportSeries
2021-04-29 16:29:32 INFO  Validator:39 - Status: OK Message: null Field: patronymic
2021-04-29 16:29:32 INFO  Validator:39 - Status: OK Message: null Field: surname
2021-04-29 16:29:32 INFO  Validator:46 - Status: OK Message: null Field: endDate
2021-04-29 16:29:32 INFO  Validator:39 - Status: OK Message: null Field: idContract
2021-04-29 16:29:32 INFO  Validator:39 - Status: OK Message: null Field: numberContract
2021-04-29 16:29:32 INFO  Validator:34 - Status: OK Message: null Field: packageChannel
2021-04-29 16:29:32 INFO  Validator:43 - Status: OK Message: null Field: startDate
2021-04-29 16:29:32 INFO  Validator:43 - Status: OK Message: null Field: dateOfBirth
2021-04-29 16:29:32 INFO  Validator:39 - Status: OK Message: null Field: firstName
2021-04-29 16:29:32 INFO  Validator:33 - Status: OK Message: null Field: gender
2021-04-29 16:29:32 INFO  Validator:39 - Status: OK Message: null Field: idClient
2021-04-29 16:29:32 INFO  Validator:40 - Status: OK Message: null Field: passportNumber
2021-04-29 16:29:32 INFO  Validator:39 - Status: OK Message: null Field: passportSeries
2021-04-29 16:29:32 INFO  Validator:39 - Status: OK Message: null Field: patronymic
2021-04-29 16:29:32 INFO  Validator:39 - Status: OK Message: null Field: surname
2021-04-29 16:29:32 WARN  Validator:35 - Status: RED_RISK Message: The date cannot be later than the contract start date Field: endDate
2021-04-29 16:29:32 INFO  Validator:38 - Status: OK Message: null Field: gbInternet
2021-04-29 16:29:32 INFO  Validator:39 - Status: OK Message: null Field: idContract
2021-04-29 16:29:32 INFO  Validator:38 - Status: OK Message: null Field: minute
2021-04-29 16:29:32 INFO  Validator:39 - Status: OK Message: null Field: numberContract
2021-04-29 16:29:32 INFO  Validator:37 - Status: OK Message: null Field: sms
2021-04-29 16:29:32 ERROR Validator:30 - Status: ERROR Message: This field must contain only the date(DD.MM. YYYY) Field: startDate
2021-04-29 16:29:32 INFO  Validator:43 - Status: OK Message: null Field: dateOfBirth
2021-04-29 16:29:32 INFO  Validator:39 - Status: OK Message: null Field: firstName
2021-04-29 16:29:32 INFO  Validator:33 - Status: OK Message: null Field: gender
2021-04-29 16:29:32 INFO  Validator:39 - Status: OK Message: null Field: idClient
2021-04-29 16:29:32 ERROR Validator:28 - Status: ERROR Message: This field must only contain numbers Field: passportNumber
2021-04-29 16:29:32 INFO  JDBCRepo:42 - Repository com.nc.labs.repository.Repository@13fd2ccd saved
